<?xml version="1.0" encoding="UTF-8"?>
<testng-results skipped="0" failed="0" ignored="0" total="1" passed="1">
  <reporter-output>
  </reporter-output>
  <suite name="Default suite" duration-ms="129" started-at="2021-09-25T01:26:21 IST" finished-at="2021-09-25T01:26:21 IST">
    <groups>
    </groups>
    <test name="Default test" duration-ms="129" started-at="2021-09-25T01:26:21 IST" finished-at="2021-09-25T01:26:21 IST">
      <class name="Learning.learining.AppTest">
        <test-method status="PASS" signature="shouldAnswerWithTrue()[pri:0, instance:Learning.learining.AppTest@4b2bac3f]" name="shouldAnswerWithTrue" duration-ms="21" started-at="2021-09-25T01:26:21 IST" finished-at="2021-09-25T01:26:21 IST">
          <reporter-output>
          </reporter-output>
        </test-method> <!-- shouldAnswerWithTrue -->
      </class> <!-- Learning.learining.AppTest -->
    </test> <!-- Default test -->
  </suite> <!-- Default suite -->
</testng-results>
